2022-12-17 21:27:37,087 - DEBUG - client.py - "Запущен клиент" 
2022-12-17 21:27:39,607 - DEBUG - client.py - "Запущен клиент" 
2022-12-17 21:27:40,961 - DEBUG - client.py - "Запущен клиент" 
2022-12-17 21:27:42,647 - DEBUG - client.py - "Запущен клиент" 
2022-12-17 21:27:55,998 - INFO - client.py - Порт сервера: "7777". Адрес сервера: "127.0.0.1". login: pa 
2022-12-17 21:27:56,017 - DEBUG - my_func.py - Функция кодирует сообщение пользователю 
2022-12-17 21:27:56,230 - DEBUG - my_func.py - Функция декодирует сообщение пользователю 
2022-12-17 21:27:56,230 - INFO - client.py - Ответ сервера: "response: 200" 
2022-12-17 21:27:56,233 - DEBUG - client.py - Поток на прием 
2022-12-17 21:27:56,233 - DEBUG - client.py - Поток на отправку 
2022-12-17 21:28:00,122 - INFO - client.py - Порт сервера: "7777". Адрес сервера: "127.0.0.1". login: ko 
2022-12-17 21:28:00,143 - DEBUG - my_func.py - Функция кодирует сообщение пользователю 
2022-12-17 21:28:00,345 - DEBUG - my_func.py - Функция декодирует сообщение пользователю 
2022-12-17 21:28:00,345 - INFO - client.py - Ответ сервера: "response: 200" 
2022-12-17 21:28:00,347 - DEBUG - client.py - Поток на прием 
2022-12-17 21:28:00,347 - DEBUG - client.py - Поток на отправку 
2022-12-17 21:28:06,831 - INFO - client.py - Порт сервера: "7777". Адрес сервера: "127.0.0.1". login: ra 
2022-12-17 21:28:06,851 - DEBUG - my_func.py - Функция кодирует сообщение пользователю 
2022-12-17 21:28:07,050 - DEBUG - my_func.py - Функция декодирует сообщение пользователю 
2022-12-17 21:28:07,050 - INFO - client.py - Ответ сервера: "response: 200" 
2022-12-17 21:28:07,052 - DEBUG - client.py - Поток на прием 
2022-12-17 21:28:07,052 - DEBUG - client.py - Поток на отправку 
2022-12-17 21:28:10,332 - INFO - client.py - Порт сервера: "7777". Адрес сервера: "127.0.0.1". login: ma 
2022-12-17 21:28:10,356 - DEBUG - my_func.py - Функция кодирует сообщение пользователю 
2022-12-17 21:28:10,550 - DEBUG - my_func.py - Функция декодирует сообщение пользователю 
2022-12-17 21:28:10,550 - INFO - client.py - Ответ сервера: "response: 200" 
2022-12-17 21:28:10,552 - DEBUG - client.py - Поток на прием 
2022-12-17 21:28:10,552 - DEBUG - client.py - Поток на отправку 
2022-12-17 21:28:32,628 - DEBUG - client_oop.py - JSON - кодирует сообщение пользователю 
2022-12-17 21:28:32,628 - INFO - client_oop.py - Отправка - Получение списка контактов: {'action': 'get_contacts', 'time': 1671301712, 'user_login': 'pa'} 
2022-12-17 21:28:32,792 - DEBUG - client_oop.py - JSON - декодирует сообщение от пользователя 
2022-12-17 21:28:32,792 - INFO - client_oop.py - Список контактов: "[]" 
2022-12-17 21:28:45,102 - DEBUG - client_oop.py - JSON - кодирует сообщение пользователю 
2022-12-17 21:28:45,103 - INFO - client_oop.py - Отправка - Добавление контакта в список контактов: {'action': 'add_contact', 'user_id': 'ko', 'time': 1671301725, 'user_login': 'pa'} 
2022-12-17 21:28:45,228 - DEBUG - client_oop.py - JSON - декодирует сообщение от пользователя 
2022-12-17 21:28:45,228 - INFO - client_oop.py - ko добавлен в список контактов pa 
2022-12-17 21:28:58,141 - DEBUG - client_oop.py - JSON - кодирует сообщение пользователю 
2022-12-17 21:28:58,142 - INFO - client_oop.py - Отправка - Добавление контакта в список контактов: {'action': 'add_contact', 'user_id': 'ma', 'time': 1671301738, 'user_login': 'pa'} 
2022-12-17 21:28:58,264 - DEBUG - client_oop.py - JSON - декодирует сообщение от пользователя 
2022-12-17 21:28:58,264 - INFO - client_oop.py - ma добавлен в список контактов pa 
2022-12-17 21:29:05,677 - DEBUG - client_oop.py - JSON - кодирует сообщение пользователю 
2022-12-17 21:29:05,677 - INFO - client_oop.py - Отправка - Получение списка контактов: {'action': 'get_contacts', 'time': 1671301745, 'user_login': 'pa'} 
2022-12-17 21:29:05,885 - DEBUG - client_oop.py - JSON - декодирует сообщение от пользователя 
2022-12-17 21:29:05,885 - INFO - client_oop.py - Список контактов: "['ko', 'ma']" 
2022-12-17 21:29:16,404 - DEBUG - client_oop.py - JSON - кодирует сообщение пользователю 
2022-12-17 21:29:16,405 - INFO - client_oop.py - Отправка - Удаление контакта из списка контактов: {'action': 'del_contact', 'user_id': 'ma', 'time': 1671301756, 'user_login': 'pa'} 
2022-12-17 21:29:16,517 - DEBUG - client_oop.py - JSON - декодирует сообщение от пользователя 
2022-12-17 21:29:16,518 - INFO - client_oop.py - ma удален из списка контактов pa 
2022-12-17 21:29:22,742 - DEBUG - client_oop.py - JSON - кодирует сообщение пользователю 
2022-12-17 21:29:22,742 - INFO - client_oop.py - Отправка - Получение списка контактов: {'action': 'get_contacts', 'time': 1671301762, 'user_login': 'pa'} 
2022-12-17 21:29:22,934 - DEBUG - client_oop.py - JSON - декодирует сообщение от пользователя 
2022-12-17 21:29:22,934 - INFO - client_oop.py - Список контактов: "['ko']" 
2022-12-17 21:30:08,637 - INFO - client_oop.py - Отправка - "ra" пишет "ma": {'action': 'message', 'time': 1671301808, 'from': 'ra', 'to': 'ma', 'message': 'solved the homework'} 
2022-12-17 21:30:08,637 - DEBUG - client_oop.py - JSON - кодирует сообщение пользователю 
2022-12-17 21:30:08,827 - DEBUG - client_oop.py - JSON - декодирует сообщение от пользователя 
2022-12-17 21:30:08,827 - INFO - client_oop.py - Прием - "ma" принял от "ra":
solved the homework 
2022-12-17 21:30:26,773 - INFO - client_oop.py - Отправка - "ma" пишет "ra": {'action': 'message', 'time': 1671301826, 'from': 'ma', 'to': 'ra', 'message': 'no and you'} 
2022-12-17 21:30:26,773 - DEBUG - client_oop.py - JSON - кодирует сообщение пользователю 
2022-12-17 21:30:26,864 - DEBUG - client_oop.py - JSON - декодирует сообщение от пользователя 
2022-12-17 21:30:26,864 - INFO - client_oop.py - Прием - "ra" принял от "ma":
no and you 
2022-12-17 21:30:49,743 - INFO - client_oop.py - Отправка - "ra" пишет "ma": {'action': 'message', 'time': 1671301849, 'from': 'ra', 'to': 'ma', 'message': "I didn't decide either"} 
2022-12-17 21:30:49,744 - DEBUG - client_oop.py - JSON - кодирует сообщение пользователю 
2022-12-17 21:30:49,906 - DEBUG - client_oop.py - JSON - декодирует сообщение от пользователя 
2022-12-17 21:30:49,906 - INFO - client_oop.py - Прием - "ma" принял от "ra":
I didn't decide either 
2022-12-17 21:31:04,452 - INFO - client_oop.py - Отправка - "ma" пишет "ra": {'action': 'message', 'time': 1671301864, 'from': 'ma', 'to': 'ra', 'message': 'what will do'} 
2022-12-17 21:31:04,453 - DEBUG - client_oop.py - JSON - кодирует сообщение пользователю 
2022-12-17 21:31:04,534 - DEBUG - client_oop.py - JSON - декодирует сообщение от пользователя 
2022-12-17 21:31:04,535 - INFO - client_oop.py - Прием - "ra" принял от "ma":
what will do 
2022-12-17 21:31:24,480 - INFO - client_oop.py - Отправка - Переписка между "ra" и "ma":
[(('ra', 'ma', '2022-12-17 21:30:08.637862', 'solved the homework'), ('ma', 'ra', '2022-12-17 21:30:26.773780', 'no and you')), (('ra', 'ma', '2022-12-17 21:30:49.744323', "I didn't decide either"), ('ma', 'ra', '2022-12-17 21:31:04.453369', 'what will do'))] 
2022-12-17 21:31:53,213 - DEBUG - client_oop.py - JSON - кодирует сообщение пользователю 
2022-12-17 21:31:53,213 - INFO - client_oop.py - Отправка - "EXIT ma": {'action': 'exit', 'time': 1671301913, 'account_name': 'ma'} 
2022-12-17 21:31:57,414 - DEBUG - client_oop.py - JSON - кодирует сообщение пользователю 
2022-12-17 21:31:57,414 - INFO - client_oop.py - Отправка - "EXIT ra": {'action': 'exit', 'time': 1671301917, 'account_name': 'ra'} 
2022-12-17 21:31:57,627 - DEBUG - client_oop.py - JSON - декодирует сообщение от пользователя 
2022-12-17 21:31:57,627 - ERROR - client_oop.py - Прием - Нет соединение с сервером "127.0.0.1:7777". 
2022-12-17 21:32:01,446 - DEBUG - client_oop.py - JSON - кодирует сообщение пользователю 
2022-12-17 21:32:01,446 - INFO - client_oop.py - Отправка - "EXIT ko": {'action': 'exit', 'time': 1671301921, 'account_name': 'ko'} 
2022-12-17 21:32:01,835 - DEBUG - client_oop.py - JSON - декодирует сообщение от пользователя 
2022-12-17 21:32:01,835 - ERROR - client_oop.py - Прием - Нет соединение с сервером "127.0.0.1:7777". 
2022-12-17 21:32:06,140 - DEBUG - client_oop.py - JSON - кодирует сообщение пользователю 
2022-12-17 21:32:06,141 - INFO - client_oop.py - Отправка - "EXIT pa": {'action': 'exit', 'time': 1671301926, 'account_name': 'pa'} 
2022-12-17 21:32:06,443 - DEBUG - client_oop.py - JSON - декодирует сообщение от пользователя 
2022-12-17 21:32:06,444 - ERROR - client_oop.py - Прием - Нет соединение с сервером "127.0.0.1:7777". 
