2022-12-03 15:25:32,794 - DEBUG - server.py - "Старт сервера" 
2022-12-03 15:25:32,798 - INFO - server_oop.py - Порт для подключений: "7777". Адрес подключения: "127.0.0.1" 
2022-12-03 15:25:41,775 - INFO - server_oop.py - Соединение с клиентом "6", ('127.0.0.1', 49486) 
2022-12-03 15:25:41,976 - DEBUG - server_oop.py - Функция декодирует сообщение серверу 
2022-12-03 15:25:41,976 - DEBUG - server_oop.py - Получено сообщение от пользователя "6":
{'action': 'presence', 'time': 1670070341, 'type': 'status', 'user': {'account_name': 'dacope', 'status': 'Yep, I am here!'}}  
2022-12-03 15:25:41,976 - INFO - server_oop.py - "OK" ответ сервера клиенту "6" 
2022-12-03 15:25:41,976 - DEBUG - server_oop.py - Функция декодирует сообщение серверу 
2022-12-03 15:25:44,890 - INFO - server_oop.py - Соединение с клиентом "7", ('127.0.0.1', 49502) 
2022-12-03 15:25:45,091 - DEBUG - server_oop.py - Функция декодирует сообщение серверу 
2022-12-03 15:25:45,091 - DEBUG - server_oop.py - Получено сообщение от пользователя "7":
{'action': 'presence', 'time': 1670070344, 'type': 'status', 'user': {'account_name': 'dacope', 'status': 'Yep, I am here!'}}  
2022-12-03 15:25:45,091 - INFO - server_oop.py - "OK" ответ сервера клиенту "7" 
2022-12-03 15:25:45,091 - DEBUG - server_oop.py - Функция декодирует сообщение серверу 
2022-12-03 15:25:56,712 - DEBUG - server_oop.py - Функция декодирует сообщение серверу 
2022-12-03 15:25:56,712 - DEBUG - server_oop.py - Получено сообщение от пользователя "7":
{'action': 'msg', 'message': 'hihihihihihi'}  
2022-12-03 15:25:56,712 - DEBUG - server_oop.py - Помечаем сообщение от пользователя "7", как ВАЖНОЕ УВЕДОМЛЕНИЕ:
['hihihihihihi']  
2022-12-03 15:25:56,712 - INFO - server_oop.py - Отправляем ВАЖНОЕ УВЕДОМЛЕНИЕ пользователю "6":
{'action': 'msg', 'message': 'hihihihihihi'} 
2022-12-03 15:25:56,712 - DEBUG - server_oop.py - Функция декодирует сообщение серверу 
2022-12-03 15:25:56,713 - INFO - server_oop.py - Отправляем ВАЖНОЕ УВЕДОМЛЕНИЕ пользователю "7":
{'action': 'msg', 'message': 'hihihihihihi'} 
2022-12-03 15:25:56,713 - DEBUG - server_oop.py - Функция декодирует сообщение серверу 
2022-12-03 15:26:00,319 - DEBUG - server_oop.py - Функция декодирует сообщение серверу 
2022-12-03 15:26:00,319 - INFO - server_oop.py - Клиент "7", ('127.0.0.1', 49502) отключился 
2022-12-03 15:26:07,131 - DEBUG - server_oop.py - Функция декодирует сообщение серверу 
2022-12-03 15:26:07,131 - INFO - server_oop.py - Клиент "6", ('127.0.0.1', 49486) отключился 
