2022-11-24 23:35:38,141  Запись в JSON-файл 
2022-11-24 23:35:38,141 ("Функция: js_enc(({'action': 'presence', 'time': 1669322138, 'type': 'status', 'user': {'account_name': 'dacope', 'status': 'Yep, I am here!'}}, 'client'), {})", 'Вызвана из функции: "main"')
2022-11-24 23:35:38,338  Чтение JSON-файла 
2022-11-24 23:35:38,338 ('Функция: js_dec((b\'{"response": 200}\', \'client\'), {})', 'Вызвана из функции: "main"')
2022-11-24 23:35:42,331  Запись в JSON-файл 
2022-11-24 23:35:42,331 ("Функция: js_enc(({'action': 'presence', 'time': 1669322142, 'type': 'status', 'user': {'account_name': 'dacope', 'status': 'Yep, I am here!'}}, 'client'), {})", 'Вызвана из функции: "main"')
2022-11-24 23:35:42,525  Чтение JSON-файла 
2022-11-24 23:35:42,526 ('Функция: js_dec((b\'{"response": 200}\', \'client\'), {})', 'Вызвана из функции: "main"')
2022-11-24 23:35:55,100  Запись в JSON-файл 
2022-11-24 23:35:55,100 ("Функция: js_enc(({'action': 'msg', 'message': 'hi'}, 'client'), {})", 'Вызвана из функции: "send_mess"')
2022-11-24 23:35:55,148  Чтение JSON-файла 
2022-11-24 23:35:55,148 ('Функция: js_dec((b\'{"action": "msg", "message": "hi"}\', \'client\'), {})', 'Вызвана из функции: "recept_mess"')
2022-11-24 23:35:55,148  Чтение JSON-файла 
2022-11-24 23:35:55,149 ('Функция: js_dec((b\'{"action": "msg", "message": "hi"}\', \'client\'), {})', 'Вызвана из функции: "recept_mess"')
2022-11-24 23:36:28,820  Запись в JSON-файл 
2022-11-24 23:36:28,820 ("Функция: js_enc(({'action': 'msg', 'message': 'how are you?'}, 'client'), {})", 'Вызвана из функции: "send_mess"')
2022-11-24 23:36:29,007  Чтение JSON-файла 
2022-11-24 23:36:29,007 ('Функция: js_dec((b\'{"action": "msg", "message": "how are you?"}\', \'client\'), {})', 'Вызвана из функции: "recept_mess"')
2022-11-24 23:36:29,008  Чтение JSON-файла 
2022-11-24 23:36:29,008 ('Функция: js_dec((b\'{"action": "msg", "message": "how are you?"}\', \'client\'), {})', 'Вызвана из функции: "recept_mess"')
2022-11-24 23:37:26,645  Запись в JSON-файл 
2022-11-24 23:37:26,646 ("Функция: js_enc(({'action': 'msg', 'message': 'рhi more or less'}, 'client'), {})", 'Вызвана из функции: "send_mess"')
2022-11-24 23:37:26,712  Чтение JSON-файла 
2022-11-24 23:37:26,712 ('Функция: js_dec((b\'{"action": "msg", "message": "\\\\u0440hi more or less"}\', \'client\'), {})', 'Вызвана из функции: "recept_mess"')
2022-11-24 23:37:26,713  Чтение JSON-файла 
2022-11-24 23:37:26,713 ('Функция: js_dec((b\'{"action": "msg", "message": "\\\\u0440hi more or less"}\', \'client\'), {})', 'Вызвана из функции: "recept_mess"')
