2022-11-24 23:35:38,132 - DEBUG - client.py - "Запущен клиент" 
2022-11-24 23:35:38,133 - INFO - client.py - Порт для подключений: "7777". Адрес подключения: "127.0.0.1" 
2022-11-24 23:35:38,133 - INFO - client.py - Отправляем серверу БАЗОВОЕ УВЕДОМЛЕНИЕ о присутствии:
{'action': 'presence', 'time': 1669322138, 'type': 'status', 'user': {'account_name': 'dacope', 'status': 'Yep, I am here!'}} 
2022-11-24 23:35:38,141 - DEBUG - my_func.py - Функция кодирует сообщение пользователю 
2022-11-24 23:35:38,339 - DEBUG - my_func.py - Функция декодирует сообщение пользователю 
2022-11-24 23:35:38,339 - INFO - client.py - Принято от сервера ПОДТВЕРЖДЕНИЕ о присутствии "127.0.0.1:7777": "response: 200" 
2022-11-24 23:35:38,339 - DEBUG - client.py - Поток на прием 
2022-11-24 23:35:38,340 - DEBUG - client.py - Поток на отправку 
2022-11-24 23:35:42,323 - DEBUG - client.py - "Запущен клиент" 
2022-11-24 23:35:42,324 - INFO - client.py - Порт для подключений: "7777". Адрес подключения: "127.0.0.1" 
2022-11-24 23:35:42,324 - INFO - client.py - Отправляем серверу БАЗОВОЕ УВЕДОМЛЕНИЕ о присутствии:
{'action': 'presence', 'time': 1669322142, 'type': 'status', 'user': {'account_name': 'dacope', 'status': 'Yep, I am here!'}} 
2022-11-24 23:35:42,331 - DEBUG - my_func.py - Функция кодирует сообщение пользователю 
2022-11-24 23:35:42,526 - DEBUG - my_func.py - Функция декодирует сообщение пользователю 
2022-11-24 23:35:42,526 - INFO - client.py - Принято от сервера ПОДТВЕРЖДЕНИЕ о присутствии "127.0.0.1:7777": "response: 200" 
2022-11-24 23:35:42,526 - DEBUG - client.py - Поток на прием 
2022-11-24 23:35:42,526 - DEBUG - client.py - Поток на отправку 
2022-11-24 23:35:55,100 - DEBUG - my_func.py - Функция кодирует сообщение пользователю 
2022-11-24 23:35:55,101 - INFO - client.py - Отправляем ВАЖНОЕ УВЕДОМЛЕНИЕ пользователям:
{'action': 'msg', 'message': 'hi'} 
2022-11-24 23:35:55,148 - DEBUG - my_func.py - Функция декодирует сообщение пользователю 
2022-11-24 23:35:55,148 - INFO - client.py - Принято:
"hi" 
2022-11-24 23:35:55,149 - DEBUG - my_func.py - Функция декодирует сообщение пользователю 
2022-11-24 23:35:55,149 - INFO - client.py - Принято:
"hi" 
2022-11-24 23:36:28,820 - DEBUG - my_func.py - Функция кодирует сообщение пользователю 
2022-11-24 23:36:28,821 - INFO - client.py - Отправляем ВАЖНОЕ УВЕДОМЛЕНИЕ пользователям:
{'action': 'msg', 'message': 'how are you?'} 
2022-11-24 23:36:29,007 - DEBUG - my_func.py - Функция декодирует сообщение пользователю 
2022-11-24 23:36:29,007 - INFO - client.py - Принято:
"how are you?" 
2022-11-24 23:36:29,008 - DEBUG - my_func.py - Функция декодирует сообщение пользователю 
2022-11-24 23:36:29,008 - INFO - client.py - Принято:
"how are you?" 
2022-11-24 23:37:26,646 - DEBUG - my_func.py - Функция кодирует сообщение пользователю 
2022-11-24 23:37:26,646 - INFO - client.py - Отправляем ВАЖНОЕ УВЕДОМЛЕНИЕ пользователям:
{'action': 'msg', 'message': 'рhi more or less'} 
2022-11-24 23:37:26,713 - DEBUG - my_func.py - Функция декодирует сообщение пользователю 
2022-11-24 23:37:26,713 - INFO - client.py - Принято:
"hi more or less"
2022-11-24 23:37:26,713 - DEBUG - my_func.py - Функция декодирует сообщение пользователю 
2022-11-24 23:37:26,714 - INFO - client.py - Принято:
"hi more or less"
2022-11-24 23:37:56,058 - ERROR - client.py - Нет соединение с сервером 127.0.0.1:7777. 
2022-11-24 23:38:02,197 - ERROR - client.py - Клиент "7", ('127.0.0.1', 7777) отключился 
2022-11-24 23:38:02,197 - ERROR - client.py - Нет соединение с сервером 127.0.0.1:7777. 
