
2022-11-24 23:35:33,538 - DEBUG - server.py - "Старт сервера" 
2022-11-24 23:35:33,544 - INFO - server.py - Порт для подключений: "7777". Адрес подключения: "127.0.0.1" 
2022-11-24 23:35:38,133 - INFO - server.py - Соединение с клиентом "8", ('127.0.0.1', 47154) 
2022-11-24 23:35:38,338 - DEBUG - my_func.py - Функция декодирует сообщение серверу 
2022-11-24 23:35:38,338 - DEBUG - server.py - Получено сообщение от пользователя "8":
{'action': 'presence', 'time': 1669322138, 'type': 'status', 'user': {'account_name': 'dacope', 'status': 'Yep, I am here!'}}  
2022-11-24 23:35:38,338 - INFO - server.py - "OK" ответ сервера клиенту "8" 
2022-11-24 23:35:38,338 - DEBUG - my_func.py - Функция кодирует сообщение серверу 
2022-11-24 23:35:42,324 - INFO - server.py - Соединение с клиентом "9", ('127.0.0.1', 57230) 
2022-11-24 23:35:42,525 - DEBUG - my_func.py - Функция декодирует сообщение серверу 
2022-11-24 23:35:42,525 - DEBUG - server.py - Получено сообщение от пользователя "9":
{'action': 'presence', 'time': 1669322142, 'type': 'status', 'user': {'account_name': 'dacope', 'status': 'Yep, I am here!'}}  
2022-11-24 23:35:42,525 - INFO - server.py - "OK" ответ сервера клиенту "9" 
2022-11-24 23:35:42,525 - DEBUG - my_func.py - Функция кодирует сообщение серверу 
2022-11-24 23:35:55,147 - DEBUG - my_func.py - Функция декодирует сообщение серверу 
2022-11-24 23:35:55,147 - DEBUG - server.py - Получено сообщение от пользователя "8":
{'action': 'msg', 'message': 'hi'}  
2022-11-24 23:35:55,147 - DEBUG - server.py - Помечаем сообщение от пользователя "8", как ВАЖНОЕ УВЕДОМЛЕНИЕ:
['hi']  
2022-11-24 23:35:55,147 - INFO - server.py - Отправляем ВАЖНОЕ УВЕДОМЛЕНИЕ пользователю "8":
{'action': 'msg', 'message': 'hi'} 
2022-11-24 23:35:55,147 - DEBUG - my_func.py - Функция кодирует сообщение серверу 
2022-11-24 23:35:55,147 - INFO - server.py - Отправляем ВАЖНОЕ УВЕДОМЛЕНИЕ пользователю "9":
{'action': 'msg', 'message': 'hi'} 
2022-11-24 23:35:55,148 - DEBUG - my_func.py - Функция кодирует сообщение серверу 
2022-11-24 23:36:29,006 - DEBUG - my_func.py - Функция декодирует сообщение серверу 
2022-11-24 23:36:29,006 - DEBUG - server.py - Получено сообщение от пользователя "8":
{'action': 'msg', 'message': 'how are you?'}  
2022-11-24 23:36:29,006 - DEBUG - server.py - Помечаем сообщение от пользователя "8", как ВАЖНОЕ УВЕДОМЛЕНИЕ:
['how are you?']  
2022-11-24 23:36:29,006 - INFO - server.py - Отправляем ВАЖНОЕ УВЕДОМЛЕНИЕ пользователю "8":
{'action': 'msg', 'message': 'how are you?'} 
2022-11-24 23:36:29,007 - DEBUG - my_func.py - Функция кодирует сообщение серверу 
2022-11-24 23:36:29,007 - INFO - server.py - Отправляем ВАЖНОЕ УВЕДОМЛЕНИЕ пользователю "9":
{'action': 'msg', 'message': 'how are you?'} 
2022-11-24 23:36:29,007 - DEBUG - my_func.py - Функция кодирует сообщение серверу 
2022-11-24 23:37:26,709 - DEBUG - my_func.py - Функция декодирует сообщение серверу 
2022-11-24 23:37:26,710 - DEBUG - server.py - Получено сообщение от пользователя "9":
{'action': 'msg', 'message': 'рhi more or less'}  
2022-11-24 23:37:26,710 - DEBUG - server.py - Помечаем сообщение от пользователя "9", как ВАЖНОЕ УВЕДОМЛЕНИЕ:
['рhi more or less']  
2022-11-24 23:37:26,710 - INFO - server.py - Отправляем ВАЖНОЕ УВЕДОМЛЕНИЕ пользователю "8":
{'action': 'msg', 'message': 'рhi more or less'} 
2022-11-24 23:37:26,711 - DEBUG - my_func.py - Функция кодирует сообщение серверу 
2022-11-24 23:37:26,711 - INFO - server.py - Отправляем ВАЖНОЕ УВЕДОМЛЕНИЕ пользователю "9":
{'action': 'msg', 'message': 'рhi more or less'} 
2022-11-24 23:37:26,712 - DEBUG - my_func.py - Функция кодирует сообщение серверу 
2022-11-24 23:37:56,765 - DEBUG - my_func.py - Функция декодирует сообщение серверу 
2022-11-24 23:37:56,765 - INFO - server.py - Клиент "9", ('127.0.0.1', 57230) отключился 
2022-11-24 23:38:02,576 - DEBUG - my_func.py - Функция декодирует сообщение серверу 
2022-11-24 23:38:02,576 - INFO - server.py - Клиент "8", ('127.0.0.1', 47154) отключился 
