2022-11-24 23:35:38,337  Чтение JSON-файла 
2022-11-24 23:35:38,338 ('Функция: js_dec((b\'{"action": "presence", "time": 1669322138, "type": "status", "user": {"account_name": "dacope", "status": "Yep, I am here!"}}\', \'server\'), {})', 'Вызвана из функции: "read_clients"')
2022-11-24 23:35:38,338  Запись в JSON-файл 
2022-11-24 23:35:38,338 ("Функция: js_enc(({'response': 200}, 'server'), {})", 'Вызвана из функции: "pars_listen"')
2022-11-24 23:35:42,525  Чтение JSON-файла 
2022-11-24 23:35:42,525 ('Функция: js_dec((b\'{"action": "presence", "time": 1669322142, "type": "status", "user": {"account_name": "dacope", "status": "Yep, I am here!"}}\', \'server\'), {})', 'Вызвана из функции: "read_clients"')
2022-11-24 23:35:42,525  Запись в JSON-файл 
2022-11-24 23:35:42,525 ("Функция: js_enc(({'response': 200}, 'server'), {})", 'Вызвана из функции: "pars_listen"')
2022-11-24 23:35:55,147  Чтение JSON-файла 
2022-11-24 23:35:55,147 ('Функция: js_dec((b\'{"action": "msg", "message": "hi"}\', \'server\'), {})', 'Вызвана из функции: "read_clients"')
2022-11-24 23:35:55,147  Запись в JSON-файл 
2022-11-24 23:35:55,147 ("Функция: js_enc(({'action': 'msg', 'message': 'hi'}, 'server'), {})", 'Вызвана из функции: "write_clients"')
2022-11-24 23:35:55,148  Запись в JSON-файл 
2022-11-24 23:35:55,148 ("Функция: js_enc(({'action': 'msg', 'message': 'hi'}, 'server'), {})", 'Вызвана из функции: "write_clients"')
2022-11-24 23:36:29,006  Чтение JSON-файла 
2022-11-24 23:36:29,006 ('Функция: js_dec((b\'{"action": "msg", "message": "how are you?"}\', \'server\'), {})', 'Вызвана из функции: "read_clients"')
2022-11-24 23:36:29,007  Запись в JSON-файл 
2022-11-24 23:36:29,007 ("Функция: js_enc(({'action': 'msg', 'message': 'how are you?'}, 'server'), {})", 'Вызвана из функции: "write_clients"')
2022-11-24 23:36:29,007  Запись в JSON-файл 
2022-11-24 23:36:29,007 ("Функция: js_enc(({'action': 'msg', 'message': 'how are you?'}, 'server'), {})", 'Вызвана из функции: "write_clients"')
2022-11-24 23:37:26,709  Чтение JSON-файла 
2022-11-24 23:37:26,709 ('Функция: js_dec((b\'{"action": "msg", "message": "\\\\u0440hi more or less"}\', \'server\'), {})', 'Вызвана из функции: "read_clients"')
2022-11-24 23:37:26,711  Запись в JSON-файл 
2022-11-24 23:37:26,711 ("Функция: js_enc(({'action': 'msg', 'message': 'рhi more or less'}, 'server'), {})", 'Вызвана из функции: "write_clients"')
2022-11-24 23:37:26,712  Запись в JSON-файл 
2022-11-24 23:37:26,712 ("Функция: js_enc(({'action': 'msg', 'message': 'рhi more or less'}, 'server'), {})", 'Вызвана из функции: "write_clients"')
2022-11-24 23:37:56,765  Чтение JSON-файла 
2022-11-24 23:37:56,765 ("Функция: js_dec((b'', 'server'), {})", 'Вызвана из функции: "read_clients"')
2022-11-24 23:38:02,576  Чтение JSON-файла 
2022-11-24 23:38:02,576 ("Функция: js_dec((b'', 'server'), {})", 'Вызвана из функции: "read_clients"')
