2022-12-26 01:42:19,622 - DEBUG - client.py - "Запущен клиент" 
2022-12-26 01:42:24,230 - INFO - client.py - Порт сервера: "7777". Адрес сервера: "127.0.0.1". login: ko 
2022-12-26 01:42:24,261 - DEBUG - my_func.py - Функция кодирует сообщение пользователю 
2022-12-26 01:42:24,453 - DEBUG - my_func.py - Функция декодирует сообщение пользователю 
2022-12-26 01:42:24,453 - INFO - client.py - Ответ сервера: "response: 200" 
2022-12-26 01:42:24,456 - DEBUG - client.py - Поток на прием 
2022-12-26 01:42:24,456 - DEBUG - client.py - Поток на отправку 
2022-12-26 01:42:24,464 - DEBUG - client_oop.py - JSON - кодирует сообщение пользователю 
2022-12-26 01:42:24,464 - INFO - client_oop.py - Отправка - Получение списка контактов: {'action': 'get_contacts', 'time': 1672008144, 'user_login': 'ko'} 
2022-12-26 01:42:25,456 - DEBUG - client_oop.py - JSON - декодирует сообщение от пользователя 
2022-12-26 01:42:25,456 - INFO - client_oop.py - Список контактов: "['pa', 'ma', 'ra']" 
2022-12-26 01:42:37,514 - DEBUG - client.py - "Запущен клиент" 
2022-12-26 01:42:43,482 - INFO - client.py - Порт сервера: "7777". Адрес сервера: "127.0.0.1". login: ma 
2022-12-26 01:42:43,512 - DEBUG - my_func.py - Функция кодирует сообщение пользователю 
2022-12-26 01:42:43,697 - DEBUG - my_func.py - Функция декодирует сообщение пользователю 
2022-12-26 01:42:43,697 - INFO - client.py - Ответ сервера: "response: 200" 
2022-12-26 01:42:43,699 - DEBUG - client.py - Поток на прием 
2022-12-26 01:42:43,699 - DEBUG - client.py - Поток на отправку 
2022-12-26 01:42:43,706 - DEBUG - client_oop.py - JSON - кодирует сообщение пользователю 
2022-12-26 01:42:43,706 - INFO - client_oop.py - Отправка - Получение списка контактов: {'action': 'get_contacts', 'time': 1672008163, 'user_login': 'ma'} 
2022-12-26 01:42:44,699 - DEBUG - client_oop.py - JSON - декодирует сообщение от пользователя 
2022-12-26 01:42:44,699 - INFO - client_oop.py - Список контактов: "['ko']" 
2022-12-26 01:43:24,399 - DEBUG - client_oop.py - JSON - кодирует сообщение пользователю 
2022-12-26 01:43:24,400 - INFO - client_oop.py - Отправка - Удаление контакта из списка контактов: {'action': 'del_contact', 'user_id': 'ra', 'time': 1672008204, 'user_login': 'ko'} 
2022-12-26 01:43:24,583 - DEBUG - client_oop.py - JSON - декодирует сообщение от пользователя 
2022-12-26 01:43:24,583 - INFO - client_oop.py - ra удален из списка контактов ko 
2022-12-26 01:43:25,401 - DEBUG - client_oop.py - JSON - кодирует сообщение пользователю 
2022-12-26 01:43:25,402 - INFO - client_oop.py - Отправка - Получение списка контактов: {'action': 'get_contacts', 'time': 1672008205, 'user_login': 'ko'} 
2022-12-26 01:43:25,588 - DEBUG - client_oop.py - JSON - декодирует сообщение от пользователя 
2022-12-26 01:43:25,588 - INFO - client_oop.py - Список контактов: "['pa', 'ma']" 
2022-12-26 01:43:45,384 - DEBUG - client_oop.py - JSON - кодирует сообщение пользователю 
2022-12-26 01:43:45,384 - INFO - client_oop.py - Отправка - Удаление контакта из списка контактов: {'action': 'del_contact', 'user_id': 'pa', 'time': 1672008225, 'user_login': 'ko'} 
2022-12-26 01:43:45,435 - DEBUG - client_oop.py - JSON - декодирует сообщение от пользователя 
2022-12-26 01:43:45,435 - INFO - client_oop.py - pa удален из списка контактов ko 
2022-12-26 01:43:46,385 - DEBUG - client_oop.py - JSON - кодирует сообщение пользователю 
2022-12-26 01:43:46,386 - INFO - client_oop.py - Отправка - Получение списка контактов: {'action': 'get_contacts', 'time': 1672008226, 'user_login': 'ko'} 
2022-12-26 01:43:46,442 - DEBUG - client_oop.py - JSON - декодирует сообщение от пользователя 
2022-12-26 01:43:46,442 - INFO - client_oop.py - Список контактов: "['ma']" 
2022-12-26 01:43:55,247 - DEBUG - client_oop.py - JSON - кодирует сообщение пользователю 
2022-12-26 01:43:55,248 - INFO - client_oop.py - Отправка - Добавление контакта в список контактов: {'action': 'add_contact', 'user_id': 'ra', 'time': 1672008235, 'user_login': 'ko'} 
2022-12-26 01:43:55,269 - DEBUG - client_oop.py - JSON - декодирует сообщение от пользователя 
2022-12-26 01:43:55,269 - INFO - client_oop.py - ra добавлен в список контактов ko 
2022-12-26 01:43:56,249 - DEBUG - client_oop.py - JSON - кодирует сообщение пользователю 
2022-12-26 01:43:56,249 - INFO - client_oop.py - Отправка - Получение списка контактов: {'action': 'get_contacts', 'time': 1672008236, 'user_login': 'ko'} 
2022-12-26 01:43:56,275 - DEBUG - client_oop.py - JSON - декодирует сообщение от пользователя 
2022-12-26 01:43:56,275 - INFO - client_oop.py - Список контактов: "['ma', 'ra']" 
2022-12-26 01:44:29,304 - DEBUG - client_oop.py - JSON - кодирует сообщение пользователю 
2022-12-26 01:44:29,317 - INFO - client_oop.py - Отправка - "ko" пишет "ma": {'action': 'message', 'time': 1672008269, 'from': 'ko', 'to': 'ma', 'message': 'привет'} 
2022-12-26 01:44:29,334 - DEBUG - client_oop.py - JSON - декодирует сообщение от пользователя 
2022-12-26 01:44:29,334 - INFO - client_oop.py - Прием - "ma" принял от "ko":
привет 
2022-12-26 01:44:39,903 - DEBUG - client_oop.py - JSON - кодирует сообщение пользователю 
2022-12-26 01:44:39,916 - INFO - client_oop.py - Отправка - "ma" пишет "ko": {'action': 'message', 'time': 1672008279, 'from': 'ma', 'to': 'ko', 'message': 'привет'} 
2022-12-26 01:44:39,959 - DEBUG - client_oop.py - JSON - декодирует сообщение от пользователя 
2022-12-26 01:44:39,960 - INFO - client_oop.py - Прием - "ko" принял от "ma":
привет 
2022-12-26 01:44:50,095 - DEBUG - client_oop.py - JSON - кодирует сообщение пользователю 
2022-12-26 01:44:50,105 - INFO - client_oop.py - Отправка - "ko" пишет "ma": {'action': 'message', 'time': 1672008290, 'from': 'ko', 'to': 'ma', 'message': 'как дела?'} 
2022-12-26 01:44:50,184 - DEBUG - client_oop.py - JSON - декодирует сообщение от пользователя 
2022-12-26 01:44:50,184 - INFO - client_oop.py - Прием - "ma" принял от "ko":
как дела? 
2022-12-26 01:45:11,295 - DEBUG - client_oop.py - JSON - кодирует сообщение пользователю 
2022-12-26 01:45:11,305 - INFO - client_oop.py - Отправка - "ma" пишет "ko": {'action': 'message', 'time': 1672008311, 'from': 'ma', 'to': 'ko', 'message': 'нормально а у тебя?'} 
2022-12-26 01:45:11,426 - DEBUG - client_oop.py - JSON - декодирует сообщение от пользователя 
2022-12-26 01:45:11,427 - INFO - client_oop.py - Прием - "ko" принял от "ma":
нормально а у тебя? 
2022-12-26 01:45:31,015 - DEBUG - client_oop.py - JSON - кодирует сообщение пользователю 
2022-12-26 01:45:31,024 - INFO - client_oop.py - Отправка - "ko" пишет "ma": {'action': 'message', 'time': 1672008331, 'from': 'ko', 'to': 'ma', 'message': 'тоже ничего'} 
2022-12-26 01:45:31,063 - DEBUG - client_oop.py - JSON - декодирует сообщение от пользователя 
2022-12-26 01:45:31,064 - INFO - client_oop.py - Прием - "ma" принял от "ko":
тоже ничего 
2022-12-26 01:45:41,639 - DEBUG - client_oop.py - JSON - кодирует сообщение пользователю 
2022-12-26 01:45:41,649 - INFO - client_oop.py - Отправка - "ma" пишет "ko": {'action': 'message', 'time': 1672008341, 'from': 'ma', 'to': 'ko', 'message': 'ну отлично'} 
2022-12-26 01:45:41,686 - DEBUG - client_oop.py - JSON - декодирует сообщение от пользователя 
2022-12-26 01:45:41,686 - INFO - client_oop.py - Прием - "ko" принял от "ma":
ну отлично 
2022-12-26 01:45:49,095 - DEBUG - client_oop.py - JSON - кодирует сообщение пользователю 
2022-12-26 01:45:49,103 - DEBUG - client_oop.py - JSON - декодирует сообщение от пользователя 
2022-12-26 01:45:49,104 - INFO - client_oop.py - Прием - "ma" принял от "ko":
пока 
2022-12-26 01:45:49,105 - INFO - client_oop.py - Отправка - "ko" пишет "ma": {'action': 'message', 'time': 1672008349, 'from': 'ko', 'to': 'ma', 'message': 'пока'} 
2022-12-26 01:46:00,999 - DEBUG - client_oop.py - JSON - кодирует сообщение пользователю 
2022-12-26 01:46:01,008 - INFO - client_oop.py - Отправка - "ma" пишет "ko": {'action': 'message', 'time': 1672008361, 'from': 'ma', 'to': 'ko', 'message': 'до встречи'} 
2022-12-26 01:46:01,130 - DEBUG - client_oop.py - JSON - декодирует сообщение от пользователя 
2022-12-26 01:46:01,130 - INFO - client_oop.py - Прием - "ko" принял от "ma":
до встречи 
2022-12-26 01:46:28,812 - DEBUG - client_oop.py - JSON - кодирует сообщение пользователю 
2022-12-26 01:46:28,812 - INFO - client_oop.py - Отправка - "EXIT ma": {'action': 'exit', 'time': 1672008388, 'account_name': 'ma'} 
2022-12-26 01:46:34,162 - DEBUG - client_oop.py - JSON - кодирует сообщение пользователю 
2022-12-26 01:46:34,162 - INFO - client_oop.py - Отправка - "EXIT ko": {'action': 'exit', 'time': 1672008394, 'account_name': 'ko'} 
2022-12-26 01:46:34,388 - DEBUG - client_oop.py - JSON - декодирует сообщение от пользователя 
