2022-11-21 13:53:44,413 - DEBUG - server.py - "Старт сервера" 
2022-11-21 13:53:44,419 - INFO - server.py - Порт для подключений: "7777". Адрес подключения: "127.0.0.1" 
2022-11-21 13:53:47,784 - INFO - server.py - Соединение с клиентом "8", ('127.0.0.1', 52972) 
2022-11-21 13:53:47,988 - DEBUG - my_func.py - Функция декодирует сообщение серверу 
2022-11-21 13:53:47,989 - DEBUG - server.py - Получено сообщение от пользователя "8":
{'action': 'presence', 'time': 1669028027, 'type': 'status', 'user': {'account_name': 'dacope', 'status': 'Yep, I am here!'}}  
2022-11-21 13:53:47,989 - INFO - server.py - "OK" ответ сервера клиенту "8" 
2022-11-21 13:53:47,989 - DEBUG - my_func.py - Функция кодирует сообщение серверу 
2022-11-21 13:53:57,607 - INFO - server.py - Соединение с клиентом "9", ('127.0.0.1', 51570) 
2022-11-21 13:53:57,809 - DEBUG - my_func.py - Функция декодирует сообщение серверу 
2022-11-21 13:53:57,809 - DEBUG - server.py - Получено сообщение от пользователя "9":
{'action': 'presence', 'time': 1669028037, 'type': 'status', 'user': {'account_name': 'dacope', 'status': 'Yep, I am here!'}}  
2022-11-21 13:53:57,809 - INFO - server.py - "OK" ответ сервера клиенту "9" 
2022-11-21 13:53:57,810 - DEBUG - my_func.py - Функция кодирует сообщение серверу 
2022-11-21 13:54:41,087 - DEBUG - my_func.py - Функция декодирует сообщение серверу 
2022-11-21 13:54:41,087 - DEBUG - server.py - Получено сообщение от пользователя "9":
{'action': 'msg', 'message': 'Hello!'}  
2022-11-21 13:54:41,087 - DEBUG - server.py - Помечаем сообщение от пользователя "9", как ВАЖНОЕ УВЕДОМЛЕНИЕ:
['Hello!']  
2022-11-21 13:54:41,087 - INFO - server.py - Отправляем ВАЖНОЕ УВЕДОМЛЕНИЕ пользователю "8":
{'action': 'msg', 'message': 'Hello!'} 
2022-11-21 13:54:41,088 - DEBUG - my_func.py - Функция кодирует сообщение серверу 
2022-11-21 13:54:41,088 - INFO - server.py - Отправляем ВАЖНОЕ УВЕДОМЛЕНИЕ пользователю "9":
{'action': 'msg', 'message': 'Hello!'} 
2022-11-21 13:54:41,089 - DEBUG - my_func.py - Функция кодирует сообщение серверу 
2022-11-21 13:54:50,908 - DEBUG - my_func.py - Функция декодирует сообщение серверу 
2022-11-21 13:54:50,908 - DEBUG - server.py - Получено сообщение от пользователя "9":
{'action': 'msg', 'message': 'Как дела?'}  
2022-11-21 13:54:50,908 - DEBUG - server.py - Помечаем сообщение от пользователя "9", как ВАЖНОЕ УВЕДОМЛЕНИЕ:
['Как дела?']  
2022-11-21 13:54:50,908 - INFO - server.py - Отправляем ВАЖНОЕ УВЕДОМЛЕНИЕ пользователю "8":
{'action': 'msg', 'message': 'Как дела?'} 
2022-11-21 13:54:50,909 - DEBUG - my_func.py - Функция кодирует сообщение серверу 
2022-11-21 13:54:50,909 - INFO - server.py - Отправляем ВАЖНОЕ УВЕДОМЛЕНИЕ пользователю "9":
{'action': 'msg', 'message': 'Как дела?'} 
2022-11-21 13:54:50,910 - DEBUG - my_func.py - Функция кодирует сообщение серверу 
2022-11-21 13:55:01,930 - DEBUG - my_func.py - Функция декодирует сообщение серверу 
2022-11-21 13:55:01,930 - DEBUG - server.py - Получено сообщение от пользователя "9":
{'action': 'msg', 'message': 'До скорых встреч'}  
2022-11-21 13:55:01,930 - DEBUG - server.py - Помечаем сообщение от пользователя "9", как ВАЖНОЕ УВЕДОМЛЕНИЕ:
['До скорых встреч']  
2022-11-21 13:55:01,930 - INFO - server.py - Отправляем ВАЖНОЕ УВЕДОМЛЕНИЕ пользователю "8":
{'action': 'msg', 'message': 'До скорых встреч'} 
2022-11-21 13:55:01,931 - DEBUG - my_func.py - Функция кодирует сообщение серверу 
2022-11-21 13:55:01,931 - INFO - server.py - Отправляем ВАЖНОЕ УВЕДОМЛЕНИЕ пользователю "9":
{'action': 'msg', 'message': 'До скорых встреч'} 
2022-11-21 13:55:01,932 - DEBUG - my_func.py - Функция кодирует сообщение серверу 
