2022-11-21 13:53:47,783 - DEBUG - client.py - "Запущен клиент" 
2022-11-21 13:53:47,783 - INFO - client.py - Порт для подключений: "7777". Адрес подключения: "127.0.0.1" 
2022-11-21 13:53:47,783 - INFO - client.py - Отправляем серверу БАЗОВОЕ УВЕДОМЛЕНИЕ о присутствии:
{'action': 'presence', 'time': 1669028027, 'type': 'status', 'user': {'account_name': 'dacope', 'status': 'Yep, I am here!'}} 
2022-11-21 13:53:47,787 - DEBUG - my_func.py - Функция кодирует сообщение пользователю 
2022-11-21 13:53:47,990 - DEBUG - my_func.py - Функция декодирует сообщение пользователю 
2022-11-21 13:53:47,990 - INFO - client.py - Принято от сервера ПОДТВЕРЖДЕНИЕ о присутствии "127.0.0.1:7777": "response: 200" 
2022-11-21 13:53:52,634 - DEBUG - client.py - Выбран режим приема сообщений 
2022-11-21 13:53:57,603 - DEBUG - client.py - "Запущен клиент" 
2022-11-21 13:53:57,603 - INFO - client.py - Порт для подключений: "7777". Адрес подключения: "127.0.0.1" 
2022-11-21 13:53:57,607 - INFO - client.py - Отправляем серверу БАЗОВОЕ УВЕДОМЛЕНИЕ о присутствии:
{'action': 'presence', 'time': 1669028037, 'type': 'status', 'user': {'account_name': 'dacope', 'status': 'Yep, I am here!'}} 
2022-11-21 13:53:57,611 - DEBUG - my_func.py - Функция кодирует сообщение пользователю 
2022-11-21 13:53:57,811 - DEBUG - my_func.py - Функция декодирует сообщение пользователю 
2022-11-21 13:53:57,811 - INFO - client.py - Принято от сервера ПОДТВЕРЖДЕНИЕ о присутствии "127.0.0.1:7777": "response: 200" 
2022-11-21 13:54:01,778 - DEBUG - client.py - Выбран режим отправки сообщений 
2022-11-21 13:54:40,915 - DEBUG - my_func.py - Функция кодирует сообщение пользователю 
2022-11-21 13:54:40,915 - INFO - client.py - Отправляем ВАЖНОЕ УВЕДОМЛЕНИЕ пользователям:
{'action': 'msg', 'message': 'Hello!'} 
2022-11-21 13:54:41,090 - DEBUG - my_func.py - Функция декодирует сообщение пользователю 
2022-11-21 13:54:41,090 - INFO - client.py - Принято ВАЖНОЕ УВЕДОМЛЕНИЕ:
"Hello!" 
2022-11-21 13:54:50,819 - DEBUG - my_func.py - Функция кодирует сообщение пользователю 
2022-11-21 13:54:50,819 - INFO - client.py - Отправляем ВАЖНОЕ УВЕДОМЛЕНИЕ пользователям:
{'action': 'msg', 'message': 'Как дела?'} 
2022-11-21 13:54:50,911 - DEBUG - my_func.py - Функция декодирует сообщение пользователю 
2022-11-21 13:54:50,911 - INFO - client.py - Принято ВАЖНОЕ УВЕДОМЛЕНИЕ:
"Как дела?" 
2022-11-21 13:55:01,878 - DEBUG - my_func.py - Функция кодирует сообщение пользователю 
2022-11-21 13:55:01,878 - ERROR - client.py - Клиент "7", ('127.0.0.1', 7777) отключился 
2022-11-21 13:55:01,878 - ERROR - client.py - Нет соединение с сервером 127.0.0.1:7777. 
2022-11-21 13:55:01,932 - DEBUG - my_func.py - Функция декодирует сообщение пользователю 
2022-11-21 13:55:01,932 - INFO - client.py - Принято ВАЖНОЕ УВЕДОМЛЕНИЕ:
"До скорых встреч" 
2022-11-21 13:55:01,938 - DEBUG - my_func.py - Функция декодирует сообщение пользователю 
2022-11-21 13:55:01,938 - ERROR - client.py - Нет соединение с сервером "127.0.0.1:7777". 
