2022-11-21 13:53:47,988  Чтение JSON-файла 
2022-11-21 13:53:47,988 ('Функция: js_dec((b\'{"action": "presence", "time": 1669028027, "type": "status", "user": {"account_name": "dacope", "status": "Yep, I am here!"}}\', \'server\'), {})', 'Вызвана из функции: "read_clients"')
2022-11-21 13:53:47,989  Запись в JSON-файл 
2022-11-21 13:53:47,989 ("Функция: js_enc(({'response': 200}, 'server'), {})", 'Вызвана из функции: "pars_listen"')
2022-11-21 13:53:57,808  Чтение JSON-файла 
2022-11-21 13:53:57,808 ('Функция: js_dec((b\'{"action": "presence", "time": 1669028037, "type": "status", "user": {"account_name": "dacope", "status": "Yep, I am here!"}}\', \'server\'), {})', 'Вызвана из функции: "read_clients"')
2022-11-21 13:53:57,810  Запись в JSON-файл 
2022-11-21 13:53:57,810 ("Функция: js_enc(({'response': 200}, 'server'), {})", 'Вызвана из функции: "pars_listen"')
2022-11-21 13:54:41,086  Чтение JSON-файла 
2022-11-21 13:54:41,086 ('Функция: js_dec((b\'{"action": "msg", "message": "Hello!"}\', \'server\'), {})', 'Вызвана из функции: "read_clients"')
2022-11-21 13:54:41,088  Запись в JSON-файл 
2022-11-21 13:54:41,088 ("Функция: js_enc(({'action': 'msg', 'message': 'Hello!'}, 'server'), {})", 'Вызвана из функции: "write_clients"')
2022-11-21 13:54:41,089  Запись в JSON-файл 
2022-11-21 13:54:41,089 ("Функция: js_enc(({'action': 'msg', 'message': 'Hello!'}, 'server'), {})", 'Вызвана из функции: "write_clients"')
2022-11-21 13:54:50,907  Чтение JSON-файла 
2022-11-21 13:54:50,907 ('Функция: js_dec((b\'{"action": "msg", "message": "\\\\u041a\\\\u0430\\\\u043a \\\\u0434\\\\u0435\\\\u043b\\\\u0430?"}\', \'server\'), {})', 'Вызвана из функции: "read_clients"')
2022-11-21 13:54:50,909  Запись в JSON-файл 
2022-11-21 13:54:50,909 ("Функция: js_enc(({'action': 'msg', 'message': 'Как дела?'}, 'server'), {})", 'Вызвана из функции: "write_clients"')
2022-11-21 13:54:50,910  Запись в JSON-файл 
2022-11-21 13:54:50,910 ("Функция: js_enc(({'action': 'msg', 'message': 'Как дела?'}, 'server'), {})", 'Вызвана из функции: "write_clients"')
2022-11-21 13:55:01,929  Чтение JSON-файла 
2022-11-21 13:55:01,930 ('Функция: js_dec((b\'{"action": "msg", "message": "\\\\u0414\\\\u043e \\\\u0441\\\\u043a\\\\u043e\\\\u0440\\\\u044b\\\\u0445 \\\\u0432\\\\u0441\\\\u0442\\\\u0440\\\\u0435\\\\u0447"}\', \'server\'), {})', 'Вызвана из функции: "read_clients"')
2022-11-21 13:55:01,931  Запись в JSON-файл 
2022-11-21 13:55:01,931 ("Функция: js_enc(({'action': 'msg', 'message': 'До скорых встреч'}, 'server'), {})", 'Вызвана из функции: "write_clients"')
2022-11-21 13:55:01,932  Запись в JSON-файл 
2022-11-21 13:55:01,932 ("Функция: js_enc(({'action': 'msg', 'message': 'До скорых встреч'}, 'server'), {})", 'Вызвана из функции: "write_clients"')
