2022-11-21 13:53:47,787  Запись в JSON-файл 
2022-11-21 13:53:47,787 ("Функция: js_enc(({'action': 'presence', 'time': 1669028027, 'type': 'status', 'user': {'account_name': 'dacope', 'status': 'Yep, I am here!'}}, 'client'), {})", 'Вызвана из функции: "main"')
2022-11-21 13:53:47,989  Чтение JSON-файла 
2022-11-21 13:53:47,990 ('Функция: js_dec((b\'{"response": 200}\', \'client\'), {})', 'Вызвана из функции: "main"')
2022-11-21 13:53:57,611  Запись в JSON-файл 
2022-11-21 13:53:57,611 ("Функция: js_enc(({'action': 'presence', 'time': 1669028037, 'type': 'status', 'user': {'account_name': 'dacope', 'status': 'Yep, I am here!'}}, 'client'), {})", 'Вызвана из функции: "main"')
2022-11-21 13:53:57,811  Чтение JSON-файла 
2022-11-21 13:53:57,811 ('Функция: js_dec((b\'{"response": 200}\', \'client\'), {})', 'Вызвана из функции: "main"')
2022-11-21 13:54:40,914  Запись в JSON-файл 
2022-11-21 13:54:40,915 ("Функция: js_enc(({'action': 'msg', 'message': 'Hello!'}, 'client'), {})", 'Вызвана из функции: "main"')
2022-11-21 13:54:41,089  Чтение JSON-файла 
2022-11-21 13:54:41,090 ('Функция: js_dec((b\'{"action": "msg", "message": "Hello!"}\', \'client\'), {})', 'Вызвана из функции: "main"')
2022-11-21 13:54:50,819  Запись в JSON-файл 
2022-11-21 13:54:50,819 ("Функция: js_enc(({'action': 'msg', 'message': 'Как дела?'}, 'client'), {})", 'Вызвана из функции: "main"')
2022-11-21 13:54:50,910  Чтение JSON-файла 
2022-11-21 13:54:50,910 ('Функция: js_dec((b\'{"action": "msg", "message": "\\\\u041a\\\\u0430\\\\u043a \\\\u0434\\\\u0435\\\\u043b\\\\u0430?"}\', \'client\'), {})', 'Вызвана из функции: "main"')
2022-11-21 13:55:01,878  Запись в JSON-файл 
2022-11-21 13:55:01,878 ("Функция: js_enc(({'action': 'msg', 'message': 'До скорых встреч'}, 'client'), {})", 'Вызвана из функции: "main"')
2022-11-21 13:55:01,932  Чтение JSON-файла 
2022-11-21 13:55:01,932 ('Функция: js_dec((b\'{"action": "msg", "message": "\\\\u0414\\\\u043e \\\\u0441\\\\u043a\\\\u043e\\\\u0440\\\\u044b\\\\u0445 \\\\u0432\\\\u0441\\\\u0442\\\\u0440\\\\u0435\\\\u0447"}\', \'client\'), {})', 'Вызвана из функции: "main"')
2022-11-21 13:55:01,938  Чтение JSON-файла 
2022-11-21 13:55:01,938 ("Функция: js_dec((b'', 'client'), {})", 'Вызвана из функции: "main"')
